Arguments: 
  /Users/at/.nvm/versions/node/v16.13.0/bin/node /opt/homebrew/Cellar/yarn/1.22.19/libexec/bin/yarn.js add ascii-art-font

PATH: 
  /Users/at/Library/pnpm:/Users/at/Library/pnpm:/Users/at/.nvm/versions/node/v16.13.0/bin:/opt/local/bin:/opt/local/sbin:/opt/homebrew/bin:/opt/homebrew/sbin:/usr/local/bin:/usr/bin:/bin:/usr/sbin:/sbin:/Users/at/Library/pnpm:/Users/at/.nvm/versions/node/v16.13.0/bin:/opt/local/bin:/opt/local/sbin:/opt/homebrew/bin:/opt/homebrew/sbin:/Users/at/.fig/bin:/Users/at/.local/bin:/usr/local/mongodb/bin:/usr/local/mongodb/bin

Yarn version: 
  1.22.19

Node version: 
  16.13.0

Platform: 
  darwin x64

Trace: 
  SyntaxError: /Users/at/code/mine/Sean529/package.json: Unexpected token } in JSON at position 220
      at JSON.parse (<anonymous>)
      at /opt/homebrew/Cellar/yarn/1.22.19/libexec/lib/cli.js:1629:59
      at Generator.next (<anonymous>)
      at step (/opt/homebrew/Cellar/yarn/1.22.19/libexec/lib/cli.js:310:30)
      at /opt/homebrew/Cellar/yarn/1.22.19/libexec/lib/cli.js:321:13

npm manifest: 
  {
    "name": "Sean529",
    "version": "1.0.0",
    "main": "index.js",
    "repository": "git@github.com:Sean529/Sean529.git",
    "author": "AT <atxiesz@gmail.com>",
    "license": "MIT",
    "scripts": {
      "start": "node ./",
    }
  }

yarn manifest: 
  No manifest

Lockfile: 
  No lockfile
